{"/Users/henriquebragaleao/Dev/suggarcss/petlove/src/validation/errors/index.ts": {"path":"/Users/henriquebragaleao/Dev/suggarcss/petlove/src/validation/errors/index.ts","statementMap":{"0":{"start":{"line":2,"column":9},"end":{"line":2,"column":28}},"1":{"start":{"line":1,"column":9},"end":{"line":1,"column":35}},"2":{"start":{"line":1,"column":35},"end":{"line":1,"column":null}},"3":{"start":{"line":2,"column":28},"end":{"line":2,"column":null}}},"fnMap":{},"branchMap":{},"s":{"0":0,"1":0,"2":1,"3":1},"f":{},"b":{}}
,"/Users/henriquebragaleao/Dev/suggarcss/petlove/src/validation/errors/CustomError/index.ts": {"path":"/Users/henriquebragaleao/Dev/suggarcss/petlove/src/validation/errors/CustomError/index.ts","statementMap":{"0":{"start":{"line":1,"column":13},"end":{"line":1,"column":33}},"1":{"start":{"line":3,"column":18},"end":{"line":3,"column":null}},"2":{"start":{"line":4,"column":4},"end":{"line":4,"column":null}}},"fnMap":{"0":{"name":"(anonymous_1)","decl":{"start":{"line":2,"column":2},"end":{"line":2,"column":14}},"loc":{"start":{"line":2,"column":37},"end":{"line":5,"column":null}}}},"branchMap":{"0":{"loc":{"start":{"line":3,"column":18},"end":{"line":3,"column":null}},"type":"cond-expr","locations":[{"start":{"line":3,"column":33},"end":{"line":3,"column":48}},{"start":{"line":3,"column":48},"end":{"line":3,"column":null}}]}},"s":{"0":0,"1":0,"2":0},"f":{"0":0},"b":{"0":[0,0]}}
,"/Users/henriquebragaleao/Dev/suggarcss/petlove/src/validation/errors/RequiredError/index.ts": {"path":"/Users/henriquebragaleao/Dev/suggarcss/petlove/src/validation/errors/RequiredError/index.ts","statementMap":{"0":{"start":{"line":1,"column":13},"end":{"line":1,"column":40}},"1":{"start":{"line":3,"column":4},"end":{"line":3,"column":null}},"2":{"start":{"line":4,"column":4},"end":{"line":4,"column":null}}},"fnMap":{"0":{"name":"(anonymous_1)","decl":{"start":{"line":2,"column":2},"end":{"line":2,"column":16}},"loc":{"start":{"line":2,"column":16},"end":{"line":5,"column":null}}}},"branchMap":{},"s":{"0":0,"1":0,"2":0},"f":{"0":0},"b":{}}
,"/Users/henriquebragaleao/Dev/suggarcss/petlove/src/validation/helpers/index.ts": {"path":"/Users/henriquebragaleao/Dev/suggarcss/petlove/src/validation/helpers/index.ts","statementMap":{"0":{"start":{"line":3,"column":9},"end":{"line":3,"column":35}},"1":{"start":{"line":1,"column":9},"end":{"line":1,"column":34}},"2":{"start":{"line":2,"column":9},"end":{"line":2,"column":30}},"3":{"start":{"line":4,"column":9},"end":{"line":4,"column":40}},"4":{"start":{"line":1,"column":34},"end":{"line":1,"column":null}},"5":{"start":{"line":2,"column":30},"end":{"line":2,"column":null}},"6":{"start":{"line":3,"column":35},"end":{"line":3,"column":null}},"7":{"start":{"line":4,"column":40},"end":{"line":4,"column":null}}},"fnMap":{},"branchMap":{},"s":{"0":0,"1":0,"2":0,"3":0,"4":1,"5":1,"6":1,"7":1},"f":{},"b":{}}
,"/Users/henriquebragaleao/Dev/suggarcss/petlove/src/validation/helpers/extractCheckDigits/index.ts": {"path":"/Users/henriquebragaleao/Dev/suggarcss/petlove/src/validation/helpers/extractCheckDigits/index.ts","statementMap":{"0":{"start":{"line":1,"column":16},"end":{"line":1,"column":35}},"1":{"start":{"line":2,"column":2},"end":{"line":2,"column":null}}},"fnMap":{"0":{"name":"extractCheckDigits","decl":{"start":{"line":1,"column":16},"end":{"line":1,"column":35}},"loc":{"start":{"line":1,"column":48},"end":{"line":3,"column":null}}}},"branchMap":{},"s":{"0":0,"1":0},"f":{"0":0},"b":{}}
,"/Users/henriquebragaleao/Dev/suggarcss/petlove/src/validation/helpers/isRepeatedNumbers/index.ts": {"path":"/Users/henriquebragaleao/Dev/suggarcss/petlove/src/validation/helpers/isRepeatedNumbers/index.ts","statementMap":{"0":{"start":{"line":3,"column":16},"end":{"line":3,"column":null}},"1":{"start":{"line":1,"column":40},"end":{"line":1,"column":null}},"2":{"start":{"line":7,"column":24},"end":{"line":7,"column":null}},"3":{"start":{"line":8,"column":33},"end":{"line":8,"column":null}},"4":{"start":{"line":9,"column":40},"end":{"line":9,"column":null}},"5":{"start":{"line":10,"column":16},"end":{"line":10,"column":null}},"6":{"start":{"line":12,"column":2},"end":{"line":17,"column":null}},"7":{"start":{"line":12,"column":15},"end":{"line":12,"column":30}},"8":{"start":{"line":13,"column":19},"end":{"line":13,"column":null}},"9":{"start":{"line":14,"column":4},"end":{"line":16,"column":null}},"10":{"start":{"line":15,"column":6},"end":{"line":15,"column":null}},"11":{"start":{"line":19,"column":2},"end":{"line":19,"column":null}}},"fnMap":{"0":{"name":"isRepeatedNumbers","decl":{"start":{"line":3,"column":16},"end":{"line":3,"column":null}},"loc":{"start":{"line":5,"column":22},"end":{"line":20,"column":null}}}},"branchMap":{"0":{"loc":{"start":{"line":14,"column":4},"end":{"line":16,"column":null}},"type":"if","locations":[{"start":{"line":14,"column":4},"end":{"line":16,"column":null}}]}},"s":{"0":0,"1":1,"2":0,"3":0,"4":0,"5":0,"6":0,"7":0,"8":0,"9":0,"10":0,"11":0},"f":{"0":0},"b":{"0":[0]}}
,"/Users/henriquebragaleao/Dev/suggarcss/petlove/src/validation/helpers/isValidLength/index.ts": {"path":"/Users/henriquebragaleao/Dev/suggarcss/petlove/src/validation/helpers/isValidLength/index.ts","statementMap":{"0":{"start":{"line":1,"column":16},"end":{"line":1,"column":30}},"1":{"start":{"line":2,"column":2},"end":{"line":2,"column":null}}},"fnMap":{"0":{"name":"isValidLength","decl":{"start":{"line":1,"column":16},"end":{"line":1,"column":30}},"loc":{"start":{"line":1,"column":59},"end":{"line":3,"column":null}}}},"branchMap":{},"s":{"0":0,"1":0},"f":{"0":0},"b":{}}
,"/Users/henriquebragaleao/Dev/suggarcss/petlove/src/validation/helpers/removeSpecialCharacters/index.ts": {"path":"/Users/henriquebragaleao/Dev/suggarcss/petlove/src/validation/helpers/removeSpecialCharacters/index.ts","statementMap":{"0":{"start":{"line":2,"column":16},"end":{"line":2,"column":40}},"1":{"start":{"line":3,"column":2},"end":{"line":3,"column":null}},"2":{"start":{"line":3,"column":14},"end":{"line":3,"column":null}},"3":{"start":{"line":4,"column":2},"end":{"line":4,"column":null}}},"fnMap":{"0":{"name":"removeSpecialCharacters","decl":{"start":{"line":2,"column":16},"end":{"line":2,"column":40}},"loc":{"start":{"line":2,"column":50},"end":{"line":5,"column":null}}}},"branchMap":{"0":{"loc":{"start":{"line":2,"column":40},"end":{"line":2,"column":50}},"type":"default-arg","locations":[{"start":{"line":2,"column":48},"end":{"line":2,"column":50}}]},"1":{"loc":{"start":{"line":3,"column":2},"end":{"line":3,"column":null}},"type":"if","locations":[{"start":{"line":3,"column":2},"end":{"line":3,"column":null}}]}},"s":{"0":0,"1":0,"2":0,"3":0},"f":{"0":0},"b":{"0":[0],"1":[0]}}
,"/Users/henriquebragaleao/Dev/suggarcss/petlove/src/validation/validators/index.ts": {"path":"/Users/henriquebragaleao/Dev/suggarcss/petlove/src/validation/validators/index.ts","statementMap":{"0":{"start":{"line":1,"column":9},"end":{"line":1,"column":36}},"1":{"start":{"line":4,"column":9},"end":{"line":4,"column":30}},"2":{"start":{"line":2,"column":9},"end":{"line":2,"column":30}},"3":{"start":{"line":3,"column":9},"end":{"line":3,"column":31}},"4":{"start":{"line":5,"column":9},"end":{"line":5,"column":36}},"5":{"start":{"line":6,"column":9},"end":{"line":6,"column":32}},"6":{"start":{"line":7,"column":9},"end":{"line":7,"column":36}},"7":{"start":{"line":8,"column":9},"end":{"line":8,"column":36}},"8":{"start":{"line":9,"column":9},"end":{"line":9,"column":35}},"9":{"start":{"line":10,"column":9},"end":{"line":10,"column":35}},"10":{"start":{"line":11,"column":9},"end":{"line":11,"column":40}},"11":{"start":{"line":12,"column":9},"end":{"line":12,"column":34}},"12":{"start":{"line":13,"column":9},"end":{"line":13,"column":36}},"13":{"start":{"line":1,"column":36},"end":{"line":1,"column":null}},"14":{"start":{"line":2,"column":30},"end":{"line":2,"column":null}},"15":{"start":{"line":3,"column":31},"end":{"line":3,"column":null}},"16":{"start":{"line":4,"column":30},"end":{"line":4,"column":null}},"17":{"start":{"line":5,"column":36},"end":{"line":5,"column":null}},"18":{"start":{"line":6,"column":32},"end":{"line":6,"column":null}},"19":{"start":{"line":7,"column":36},"end":{"line":7,"column":null}},"20":{"start":{"line":8,"column":36},"end":{"line":8,"column":null}},"21":{"start":{"line":9,"column":35},"end":{"line":9,"column":null}},"22":{"start":{"line":10,"column":35},"end":{"line":10,"column":null}},"23":{"start":{"line":11,"column":40},"end":{"line":11,"column":null}},"24":{"start":{"line":12,"column":34},"end":{"line":12,"column":null}},"25":{"start":{"line":13,"column":36},"end":{"line":13,"column":null}}},"fnMap":{},"branchMap":{},"s":{"0":6,"1":6,"2":6,"3":6,"4":6,"5":10,"6":6,"7":8,"8":6,"9":6,"10":8,"11":0,"12":0,"13":1,"14":1,"15":1,"16":1,"17":1,"18":1,"19":1,"20":1,"21":1,"22":1,"23":1,"24":1,"25":1},"f":{},"b":{}}
,"/Users/henriquebragaleao/Dev/suggarcss/petlove/src/validation/validators/BirthDate/index.ts": {"path":"/Users/henriquebragaleao/Dev/suggarcss/petlove/src/validation/validators/BirthDate/index.ts","statementMap":{"0":{"start":{"line":5,"column":13},"end":{"line":5,"column":null}},"1":{"start":{"line":1,"column":50},"end":{"line":1,"column":null}},"2":{"start":{"line":2,"column":28},"end":{"line":2,"column":null}},"3":{"start":{"line":7,"column":13},"end":{"line":7,"column":26}},"4":{"start":{"line":8,"column":13},"end":{"line":8,"column":34}},"5":{"start":{"line":12,"column":4},"end":{"line":29,"column":null}},"6":{"start":{"line":13,"column":25},"end":{"line":13,"column":null}},"7":{"start":{"line":14,"column":6},"end":{"line":16,"column":null}},"8":{"start":{"line":15,"column":8},"end":{"line":15,"column":null}},"9":{"start":{"line":17,"column":18},"end":{"line":17,"column":null}},"10":{"start":{"line":18,"column":26},"end":{"line":18,"column":null}},"11":{"start":{"line":19,"column":24},"end":{"line":19,"column":null}},"12":{"start":{"line":21,"column":6},"end":{"line":23,"column":null}},"13":{"start":{"line":22,"column":8},"end":{"line":22,"column":null}},"14":{"start":{"line":24,"column":18},"end":{"line":24,"column":null}},"15":{"start":{"line":25,"column":6},"end":{"line":27,"column":null}},"16":{"start":{"line":26,"column":8},"end":{"line":26,"column":null}},"17":{"start":{"line":28,"column":6},"end":{"line":28,"column":null}},"18":{"start":{"line":30,"column":4},"end":{"line":30,"column":null}}},"fnMap":{"0":{"name":"(anonymous_1)","decl":{"start":{"line":6,"column":2},"end":{"line":6,"column":null}},"loc":{"start":{"line":9,"column":4},"end":{"line":9,"column":null}}},"1":{"name":"(anonymous_2)","decl":{"start":{"line":11,"column":2},"end":{"line":11,"column":11}},"loc":{"start":{"line":11,"column":40},"end":{"line":31,"column":null}}}},"branchMap":{"0":{"loc":{"start":{"line":12,"column":4},"end":{"line":29,"column":null}},"type":"if","locations":[{"start":{"line":12,"column":4},"end":{"line":29,"column":null}}]},"1":{"loc":{"start":{"line":14,"column":6},"end":{"line":16,"column":null}},"type":"if","locations":[{"start":{"line":14,"column":6},"end":{"line":16,"column":null}}]},"2":{"loc":{"start":{"line":21,"column":6},"end":{"line":23,"column":null}},"type":"if","locations":[{"start":{"line":21,"column":6},"end":{"line":23,"column":null}}]},"3":{"loc":{"start":{"line":25,"column":6},"end":{"line":27,"column":null}},"type":"if","locations":[{"start":{"line":25,"column":6},"end":{"line":27,"column":null}}]},"4":{"loc":{"start":{"line":25,"column":10},"end":{"line":25,"column":32}},"type":"binary-expr","locations":[{"start":{"line":25,"column":10},"end":{"line":25,"column":22}},{"start":{"line":25,"column":22},"end":{"line":25,"column":32}}]}},"s":{"0":6,"1":1,"2":1,"3":3,"4":3,"5":0,"6":0,"7":0,"8":0,"9":0,"10":0,"11":0,"12":0,"13":0,"14":0,"15":0,"16":0,"17":0,"18":0},"f":{"0":3,"1":0},"b":{"0":[0],"1":[0],"2":[0],"3":[0],"4":[0,0]}}
,"/Users/henriquebragaleao/Dev/suggarcss/petlove/src/validation/validators/CEP/index.ts": {"path":"/Users/henriquebragaleao/Dev/suggarcss/petlove/src/validation/validators/CEP/index.ts","statementMap":{"0":{"start":{"line":4,"column":13},"end":{"line":4,"column":null}},"1":{"start":{"line":1,"column":28},"end":{"line":1,"column":null}},"2":{"start":{"line":6,"column":13},"end":{"line":6,"column":26}},"3":{"start":{"line":7,"column":13},"end":{"line":7,"column":34}},"4":{"start":{"line":11,"column":4},"end":{"line":13,"column":null}},"5":{"start":{"line":12,"column":6},"end":{"line":12,"column":null}},"6":{"start":{"line":14,"column":24},"end":{"line":14,"column":null}},"7":{"start":{"line":15,"column":23},"end":{"line":15,"column":null}},"8":{"start":{"line":16,"column":4},"end":{"line":16,"column":null}}},"fnMap":{"0":{"name":"(anonymous_1)","decl":{"start":{"line":5,"column":2},"end":{"line":5,"column":null}},"loc":{"start":{"line":8,"column":4},"end":{"line":8,"column":null}}},"1":{"name":"(anonymous_2)","decl":{"start":{"line":10,"column":2},"end":{"line":10,"column":11}},"loc":{"start":{"line":10,"column":40},"end":{"line":17,"column":null}}}},"branchMap":{"0":{"loc":{"start":{"line":11,"column":4},"end":{"line":13,"column":null}},"type":"if","locations":[{"start":{"line":11,"column":4},"end":{"line":13,"column":null}}]},"1":{"loc":{"start":{"line":16,"column":11},"end":{"line":16,"column":null}},"type":"cond-expr","locations":[{"start":{"line":16,"column":24},"end":{"line":16,"column":31}},{"start":{"line":16,"column":31},"end":{"line":16,"column":null}}]}},"s":{"0":6,"1":1,"2":3,"3":3,"4":0,"5":0,"6":0,"7":0,"8":0},"f":{"0":3,"1":0},"b":{"0":[0],"1":[0,0]}}
,"/Users/henriquebragaleao/Dev/suggarcss/petlove/src/validation/validators/CNPJ/index.ts": {"path":"/Users/henriquebragaleao/Dev/suggarcss/petlove/src/validation/validators/CNPJ/index.ts","statementMap":{"0":{"start":{"line":11,"column":13},"end":{"line":11,"column":null}},"1":{"start":{"line":1,"column":28},"end":{"line":1,"column":null}},"2":{"start":{"line":7,"column":7},"end":{"line":7,"column":null}},"3":{"start":{"line":17,"column":13},"end":{"line":17,"column":26}},"4":{"start":{"line":18,"column":13},"end":{"line":18,"column":34}},"5":{"start":{"line":12,"column":10},"end":{"line":12,"column":null}},"6":{"start":{"line":13,"column":10},"end":{"line":13,"column":null}},"7":{"start":{"line":14,"column":10},"end":{"line":14,"column":null}},"8":{"start":{"line":22,"column":23},"end":{"line":22,"column":null}},"9":{"start":{"line":23,"column":27},"end":{"line":26,"column":null}},"10":{"start":{"line":24,"column":6},"end":{"line":24,"column":null}},"11":{"start":{"line":25,"column":6},"end":{"line":25,"column":null}},"12":{"start":{"line":28,"column":21},"end":{"line":28,"column":null}},"13":{"start":{"line":29,"column":4},"end":{"line":29,"column":null}},"14":{"start":{"line":33,"column":4},"end":{"line":35,"column":null}},"15":{"start":{"line":34,"column":6},"end":{"line":34,"column":null}},"16":{"start":{"line":37,"column":30},"end":{"line":39,"column":null}},"17":{"start":{"line":41,"column":31},"end":{"line":43,"column":null}},"18":{"start":{"line":45,"column":24},"end":{"line":45,"column":null}},"19":{"start":{"line":47,"column":4},"end":{"line":47,"column":null}},"20":{"start":{"line":51,"column":41},"end":{"line":51,"column":null}},"21":{"start":{"line":52,"column":25},"end":{"line":52,"column":null}},"22":{"start":{"line":54,"column":4},"end":{"line":54,"column":null}}},"fnMap":{"0":{"name":"(anonymous_1)","decl":{"start":{"line":16,"column":2},"end":{"line":16,"column":null}},"loc":{"start":{"line":19,"column":4},"end":{"line":19,"column":null}}},"1":{"name":"(anonymous_2)","decl":{"start":{"line":21,"column":2},"end":{"line":21,"column":22}},"loc":{"start":{"line":21,"column":62},"end":{"line":30,"column":null}}},"2":{"name":"(anonymous_3)","decl":{"start":{"line":23,"column":45},"end":{"line":23,"column":46}},"loc":{"start":{"line":23,"column":65},"end":{"line":26,"column":7}}},"3":{"name":"(anonymous_4)","decl":{"start":{"line":32,"column":2},"end":{"line":32,"column":12}},"loc":{"start":{"line":32,"column":35},"end":{"line":48,"column":null}}},"4":{"name":"(anonymous_5)","decl":{"start":{"line":50,"column":2},"end":{"line":50,"column":11}},"loc":{"start":{"line":50,"column":40},"end":{"line":55,"column":null}}}},"branchMap":{"0":{"loc":{"start":{"line":29,"column":11},"end":{"line":29,"column":null}},"type":"cond-expr","locations":[{"start":{"line":29,"column":26},"end":{"line":29,"column":30}},{"start":{"line":29,"column":30},"end":{"line":29,"column":null}}]},"1":{"loc":{"start":{"line":33,"column":4},"end":{"line":35,"column":null}},"type":"if","locations":[{"start":{"line":33,"column":4},"end":{"line":35,"column":null}}]},"2":{"loc":{"start":{"line":33,"column":8},"end":{"line":33,"column":75}},"type":"binary-expr","locations":[{"start":{"line":33,"column":8},"end":{"line":33,"column":17}},{"start":{"line":33,"column":17},"end":{"line":33,"column":45}},{"start":{"line":33,"column":45},"end":{"line":33,"column":75}}]},"3":{"loc":{"start":{"line":54,"column":11},"end":{"line":54,"column":null}},"type":"cond-expr","locations":[{"start":{"line":54,"column":26},"end":{"line":54,"column":33}},{"start":{"line":54,"column":33},"end":{"line":54,"column":null}}]}},"s":{"0":6,"1":1,"2":1,"3":3,"4":3,"5":3,"6":3,"7":3,"8":0,"9":0,"10":0,"11":0,"12":0,"13":0,"14":0,"15":0,"16":0,"17":0,"18":0,"19":0,"20":0,"21":0,"22":0},"f":{"0":3,"1":0,"2":0,"3":0,"4":0},"b":{"0":[0,0],"1":[0],"2":[0,0,0],"3":[0,0]}}
,"/Users/henriquebragaleao/Dev/suggarcss/petlove/src/validation/validators/CPF/index.ts": {"path":"/Users/henriquebragaleao/Dev/suggarcss/petlove/src/validation/validators/CPF/index.ts","statementMap":{"0":{"start":{"line":10,"column":13},"end":{"line":10,"column":null}},"1":{"start":{"line":2,"column":28},"end":{"line":2,"column":null}},"2":{"start":{"line":8,"column":7},"end":{"line":8,"column":null}},"3":{"start":{"line":15,"column":13},"end":{"line":15,"column":26}},"4":{"start":{"line":16,"column":13},"end":{"line":16,"column":34}},"5":{"start":{"line":11,"column":10},"end":{"line":11,"column":null}},"6":{"start":{"line":12,"column":10},"end":{"line":12,"column":null}},"7":{"start":{"line":20,"column":25},"end":{"line":20,"column":null}},"8":{"start":{"line":22,"column":4},"end":{"line":24,"column":null}},"9":{"start":{"line":23,"column":6},"end":{"line":23,"column":null}},"10":{"start":{"line":23,"column":22},"end":{"line":23,"column":null}},"11":{"start":{"line":26,"column":17},"end":{"line":26,"column":null}},"12":{"start":{"line":27,"column":4},"end":{"line":27,"column":null}},"13":{"start":{"line":31,"column":4},"end":{"line":33,"column":null}},"14":{"start":{"line":32,"column":6},"end":{"line":32,"column":null}},"15":{"start":{"line":35,"column":30},"end":{"line":37,"column":null}},"16":{"start":{"line":39,"column":31},"end":{"line":41,"column":null}},"17":{"start":{"line":43,"column":28},"end":{"line":43,"column":null}},"18":{"start":{"line":45,"column":4},"end":{"line":45,"column":null}},"19":{"start":{"line":49,"column":40},"end":{"line":49,"column":null}},"20":{"start":{"line":50,"column":4},"end":{"line":52,"column":null}}},"fnMap":{"0":{"name":"(anonymous_1)","decl":{"start":{"line":14,"column":2},"end":{"line":14,"column":null}},"loc":{"start":{"line":17,"column":4},"end":{"line":17,"column":null}}},"1":{"name":"(anonymous_2)","decl":{"start":{"line":19,"column":2},"end":{"line":19,"column":22}},"loc":{"start":{"line":19,"column":59},"end":{"line":28,"column":null}}},"2":{"name":"(anonymous_3)","decl":{"start":{"line":30,"column":2},"end":{"line":30,"column":11}},"loc":{"start":{"line":30,"column":33},"end":{"line":46,"column":null}}},"3":{"name":"(anonymous_4)","decl":{"start":{"line":48,"column":2},"end":{"line":48,"column":11}},"loc":{"start":{"line":48,"column":40},"end":{"line":53,"column":null}}}},"branchMap":{"0":{"loc":{"start":{"line":23,"column":6},"end":{"line":23,"column":null}},"type":"if","locations":[{"start":{"line":23,"column":6},"end":{"line":23,"column":null}}]},"1":{"loc":{"start":{"line":27,"column":11},"end":{"line":27,"column":null}},"type":"cond-expr","locations":[{"start":{"line":27,"column":22},"end":{"line":27,"column":26}},{"start":{"line":27,"column":26},"end":{"line":27,"column":null}}]},"2":{"loc":{"start":{"line":31,"column":4},"end":{"line":33,"column":null}},"type":"if","locations":[{"start":{"line":31,"column":4},"end":{"line":33,"column":null}}]},"3":{"loc":{"start":{"line":31,"column":8},"end":{"line":31,"column":72}},"type":"binary-expr","locations":[{"start":{"line":31,"column":8},"end":{"line":31,"column":16}},{"start":{"line":31,"column":16},"end":{"line":31,"column":43}},{"start":{"line":31,"column":43},"end":{"line":31,"column":72}}]},"4":{"loc":{"start":{"line":50,"column":11},"end":{"line":52,"column":null}},"type":"cond-expr","locations":[{"start":{"line":51,"column":8},"end":{"line":51,"column":null}},{"start":{"line":52,"column":8},"end":{"line":52,"column":null}}]}},"s":{"0":6,"1":1,"2":1,"3":3,"4":3,"5":3,"6":3,"7":0,"8":0,"9":0,"10":0,"11":0,"12":0,"13":0,"14":0,"15":0,"16":0,"17":0,"18":0,"19":0,"20":0},"f":{"0":3,"1":0,"2":0,"3":0},"b":{"0":[0],"1":[0,0],"2":[0],"3":[0,0,0],"4":[0,0]}}
,"/Users/henriquebragaleao/Dev/suggarcss/petlove/src/validation/validators/CpfOrCnpjValidation/index.ts": {"path":"/Users/henriquebragaleao/Dev/suggarcss/petlove/src/validation/validators/CpfOrCnpjValidation/index.ts","statementMap":{"0":{"start":{"line":6,"column":13},"end":{"line":6,"column":null}},"1":{"start":{"line":1,"column":40},"end":{"line":1,"column":null}},"2":{"start":{"line":3,"column":31},"end":{"line":3,"column":null}},"3":{"start":{"line":4,"column":30},"end":{"line":4,"column":null}},"4":{"start":{"line":8,"column":13},"end":{"line":8,"column":26}},"5":{"start":{"line":9,"column":13},"end":{"line":9,"column":34}},"6":{"start":{"line":13,"column":18},"end":{"line":13,"column":null}},"7":{"start":{"line":14,"column":25},"end":{"line":16,"column":null}},"8":{"start":{"line":18,"column":26},"end":{"line":20,"column":null}},"9":{"start":{"line":23,"column":4},"end":{"line":23,"column":null}},"10":{"start":{"line":23,"column":16},"end":{"line":23,"column":null}},"11":{"start":{"line":25,"column":4},"end":{"line":25,"column":null}},"12":{"start":{"line":25,"column":15},"end":{"line":25,"column":null}},"13":{"start":{"line":27,"column":4},"end":{"line":27,"column":null}}},"fnMap":{"0":{"name":"(anonymous_1)","decl":{"start":{"line":7,"column":2},"end":{"line":7,"column":null}},"loc":{"start":{"line":10,"column":4},"end":{"line":10,"column":null}}},"1":{"name":"(anonymous_2)","decl":{"start":{"line":12,"column":2},"end":{"line":12,"column":11}},"loc":{"start":{"line":12,"column":40},"end":{"line":28,"column":null}}}},"branchMap":{"0":{"loc":{"start":{"line":23,"column":4},"end":{"line":23,"column":null}},"type":"if","locations":[{"start":{"line":23,"column":4},"end":{"line":23,"column":null}}]},"1":{"loc":{"start":{"line":25,"column":4},"end":{"line":25,"column":null}},"type":"if","locations":[{"start":{"line":25,"column":4},"end":{"line":25,"column":null}}]}},"s":{"0":6,"1":1,"2":1,"3":1,"4":3,"5":3,"6":0,"7":0,"8":0,"9":0,"10":0,"11":0,"12":0,"13":0},"f":{"0":3,"1":0},"b":{"0":[0],"1":[0]}}
,"/Users/henriquebragaleao/Dev/suggarcss/petlove/src/validation/validators/Email/index.ts": {"path":"/Users/henriquebragaleao/Dev/suggarcss/petlove/src/validation/validators/Email/index.ts","statementMap":{"0":{"start":{"line":4,"column":13},"end":{"line":4,"column":null}},"1":{"start":{"line":1,"column":28},"end":{"line":1,"column":null}},"2":{"start":{"line":6,"column":13},"end":{"line":6,"column":26}},"3":{"start":{"line":7,"column":13},"end":{"line":7,"column":34}},"4":{"start":{"line":11,"column":4},"end":{"line":11,"column":null}},"5":{"start":{"line":11,"column":16},"end":{"line":11,"column":null}},"6":{"start":{"line":14,"column":6},"end":{"line":14,"column":null}},"7":{"start":{"line":16,"column":4},"end":{"line":16,"column":null}}},"fnMap":{"0":{"name":"(anonymous_1)","decl":{"start":{"line":5,"column":2},"end":{"line":5,"column":null}},"loc":{"start":{"line":8,"column":4},"end":{"line":8,"column":null}}},"1":{"name":"(anonymous_2)","decl":{"start":{"line":10,"column":2},"end":{"line":10,"column":11}},"loc":{"start":{"line":10,"column":40},"end":{"line":17,"column":null}}}},"branchMap":{"0":{"loc":{"start":{"line":11,"column":4},"end":{"line":11,"column":null}},"type":"if","locations":[{"start":{"line":11,"column":4},"end":{"line":11,"column":null}}]},"1":{"loc":{"start":{"line":16,"column":11},"end":{"line":16,"column":null}},"type":"cond-expr","locations":[{"start":{"line":16,"column":36},"end":{"line":16,"column":43}},{"start":{"line":16,"column":43},"end":{"line":16,"column":null}}]}},"s":{"0":10,"1":1,"2":5,"3":5,"4":0,"5":0,"6":0,"7":0},"f":{"0":5,"1":0},"b":{"0":[0],"1":[0,0]}}
,"/Users/henriquebragaleao/Dev/suggarcss/petlove/src/validation/validators/MaxLength/index.ts": {"path":"/Users/henriquebragaleao/Dev/suggarcss/petlove/src/validation/validators/MaxLength/index.ts","statementMap":{"0":{"start":{"line":4,"column":13},"end":{"line":4,"column":null}},"1":{"start":{"line":1,"column":28},"end":{"line":1,"column":null}},"2":{"start":{"line":6,"column":13},"end":{"line":6,"column":26}},"3":{"start":{"line":7,"column":13},"end":{"line":7,"column":28}},"4":{"start":{"line":8,"column":13},"end":{"line":8,"column":37}},"5":{"start":{"line":12,"column":4},"end":{"line":14,"column":null}},"6":{"start":{"line":13,"column":6},"end":{"line":13,"column":null}},"7":{"start":{"line":15,"column":4},"end":{"line":15,"column":null}}},"fnMap":{"0":{"name":"(anonymous_1)","decl":{"start":{"line":5,"column":2},"end":{"line":5,"column":null}},"loc":{"start":{"line":9,"column":4},"end":{"line":9,"column":null}}},"1":{"name":"(anonymous_2)","decl":{"start":{"line":11,"column":2},"end":{"line":11,"column":11}},"loc":{"start":{"line":11,"column":40},"end":{"line":16,"column":null}}}},"branchMap":{"0":{"loc":{"start":{"line":7,"column":4},"end":{"line":7,"column":44}},"type":"default-arg","locations":[{"start":{"line":7,"column":28},"end":{"line":7,"column":44}}]},"1":{"loc":{"start":{"line":12,"column":4},"end":{"line":14,"column":null}},"type":"if","locations":[{"start":{"line":12,"column":4},"end":{"line":14,"column":null}}]},"2":{"loc":{"start":{"line":12,"column":24},"end":{"line":12,"column":52}},"type":"binary-expr","locations":[{"start":{"line":12,"column":24},"end":{"line":12,"column":44}},{"start":{"line":12,"column":48},"end":{"line":12,"column":52}}]}},"s":{"0":6,"1":1,"2":3,"3":3,"4":3,"5":0,"6":0,"7":0},"f":{"0":3,"1":0},"b":{"0":[2],"1":[0],"2":[0,0]}}
,"/Users/henriquebragaleao/Dev/suggarcss/petlove/src/validation/validators/MinLength/index.ts": {"path":"/Users/henriquebragaleao/Dev/suggarcss/petlove/src/validation/validators/MinLength/index.ts","statementMap":{"0":{"start":{"line":4,"column":13},"end":{"line":4,"column":null}},"1":{"start":{"line":1,"column":28},"end":{"line":1,"column":null}},"2":{"start":{"line":6,"column":13},"end":{"line":6,"column":26}},"3":{"start":{"line":7,"column":13},"end":{"line":7,"column":28}},"4":{"start":{"line":8,"column":13},"end":{"line":8,"column":31}},"5":{"start":{"line":12,"column":4},"end":{"line":14,"column":null}},"6":{"start":{"line":13,"column":6},"end":{"line":13,"column":null}},"7":{"start":{"line":15,"column":4},"end":{"line":15,"column":null}}},"fnMap":{"0":{"name":"(anonymous_1)","decl":{"start":{"line":5,"column":2},"end":{"line":5,"column":null}},"loc":{"start":{"line":9,"column":4},"end":{"line":9,"column":null}}},"1":{"name":"(anonymous_2)","decl":{"start":{"line":11,"column":2},"end":{"line":11,"column":11}},"loc":{"start":{"line":11,"column":40},"end":{"line":16,"column":null}}}},"branchMap":{"0":{"loc":{"start":{"line":7,"column":4},"end":{"line":7,"column":44}},"type":"default-arg","locations":[{"start":{"line":7,"column":28},"end":{"line":7,"column":44}}]},"1":{"loc":{"start":{"line":12,"column":4},"end":{"line":14,"column":null}},"type":"if","locations":[{"start":{"line":12,"column":4},"end":{"line":14,"column":null}}]},"2":{"loc":{"start":{"line":12,"column":24},"end":{"line":12,"column":46}},"type":"binary-expr","locations":[{"start":{"line":12,"column":24},"end":{"line":12,"column":38}},{"start":{"line":12,"column":42},"end":{"line":12,"column":46}}]}},"s":{"0":8,"1":1,"2":4,"3":4,"4":4,"5":0,"6":0,"7":0},"f":{"0":4,"1":0},"b":{"0":[3],"1":[0],"2":[0,0]}}
,"/Users/henriquebragaleao/Dev/suggarcss/petlove/src/validation/validators/MinValue/index.ts": {"path":"/Users/henriquebragaleao/Dev/suggarcss/petlove/src/validation/validators/MinValue/index.ts","statementMap":{"0":{"start":{"line":4,"column":13},"end":{"line":4,"column":null}},"1":{"start":{"line":1,"column":28},"end":{"line":1,"column":null}},"2":{"start":{"line":6,"column":13},"end":{"line":6,"column":26}},"3":{"start":{"line":7,"column":13},"end":{"line":7,"column":28}},"4":{"start":{"line":8,"column":13},"end":{"line":8,"column":30}},"5":{"start":{"line":12,"column":25},"end":{"line":12,"column":null}},"6":{"start":{"line":14,"column":4},"end":{"line":14,"column":null}},"7":{"start":{"line":14,"column":24},"end":{"line":14,"column":null}},"8":{"start":{"line":15,"column":4},"end":{"line":15,"column":null}},"9":{"start":{"line":15,"column":23},"end":{"line":15,"column":null}},"10":{"start":{"line":16,"column":4},"end":{"line":16,"column":null}},"11":{"start":{"line":16,"column":38},"end":{"line":16,"column":null}},"12":{"start":{"line":18,"column":4},"end":{"line":18,"column":null}}},"fnMap":{"0":{"name":"(anonymous_1)","decl":{"start":{"line":5,"column":2},"end":{"line":5,"column":null}},"loc":{"start":{"line":9,"column":4},"end":{"line":9,"column":null}}},"1":{"name":"(anonymous_2)","decl":{"start":{"line":11,"column":2},"end":{"line":11,"column":11}},"loc":{"start":{"line":11,"column":40},"end":{"line":19,"column":null}}}},"branchMap":{"0":{"loc":{"start":{"line":7,"column":4},"end":{"line":7,"column":44}},"type":"default-arg","locations":[{"start":{"line":7,"column":28},"end":{"line":7,"column":44}}]},"1":{"loc":{"start":{"line":14,"column":4},"end":{"line":14,"column":null}},"type":"if","locations":[{"start":{"line":14,"column":4},"end":{"line":14,"column":null}}]},"2":{"loc":{"start":{"line":15,"column":4},"end":{"line":15,"column":null}},"type":"if","locations":[{"start":{"line":15,"column":4},"end":{"line":15,"column":null}}]},"3":{"loc":{"start":{"line":16,"column":4},"end":{"line":16,"column":null}},"type":"if","locations":[{"start":{"line":16,"column":4},"end":{"line":16,"column":null}}]}},"s":{"0":6,"1":1,"2":3,"3":3,"4":3,"5":0,"6":0,"7":0,"8":0,"9":0,"10":0,"11":0,"12":0},"f":{"0":3,"1":0},"b":{"0":[2],"1":[0],"2":[0],"3":[0]}}
,"/Users/henriquebragaleao/Dev/suggarcss/petlove/src/validation/validators/MinWords/index.ts": {"path":"/Users/henriquebragaleao/Dev/suggarcss/petlove/src/validation/validators/MinWords/index.ts","statementMap":{"0":{"start":{"line":4,"column":13},"end":{"line":4,"column":null}},"1":{"start":{"line":1,"column":28},"end":{"line":1,"column":null}},"2":{"start":{"line":6,"column":13},"end":{"line":6,"column":26}},"3":{"start":{"line":7,"column":13},"end":{"line":7,"column":28}},"4":{"start":{"line":8,"column":13},"end":{"line":8,"column":24}},"5":{"start":{"line":12,"column":18},"end":{"line":12,"column":null}},"6":{"start":{"line":14,"column":4},"end":{"line":16,"column":null}},"7":{"start":{"line":15,"column":6},"end":{"line":15,"column":null}},"8":{"start":{"line":17,"column":4},"end":{"line":17,"column":null}}},"fnMap":{"0":{"name":"(anonymous_1)","decl":{"start":{"line":5,"column":2},"end":{"line":5,"column":null}},"loc":{"start":{"line":9,"column":4},"end":{"line":9,"column":null}}},"1":{"name":"(anonymous_2)","decl":{"start":{"line":11,"column":2},"end":{"line":11,"column":11}},"loc":{"start":{"line":11,"column":40},"end":{"line":18,"column":null}}}},"branchMap":{"0":{"loc":{"start":{"line":7,"column":4},"end":{"line":7,"column":44}},"type":"default-arg","locations":[{"start":{"line":7,"column":28},"end":{"line":7,"column":44}}]},"1":{"loc":{"start":{"line":8,"column":4},"end":{"line":8,"column":25}},"type":"default-arg","locations":[{"start":{"line":8,"column":24},"end":{"line":8,"column":25}}]},"2":{"loc":{"start":{"line":14,"column":4},"end":{"line":16,"column":null}},"type":"if","locations":[{"start":{"line":14,"column":4},"end":{"line":16,"column":null}}]}},"s":{"0":6,"1":1,"2":3,"3":3,"4":3,"5":0,"6":0,"7":0,"8":0},"f":{"0":3,"1":0},"b":{"0":[2],"1":[0],"2":[0]}}
,"/Users/henriquebragaleao/Dev/suggarcss/petlove/src/validation/validators/RequiredField/index.ts": {"path":"/Users/henriquebragaleao/Dev/suggarcss/petlove/src/validation/validators/RequiredField/index.ts","statementMap":{"0":{"start":{"line":4,"column":13},"end":{"line":4,"column":null}},"1":{"start":{"line":1,"column":35},"end":{"line":1,"column":null}},"2":{"start":{"line":5,"column":23},"end":{"line":5,"column":36}},"3":{"start":{"line":8,"column":4},"end":{"line":8,"column":null}}},"fnMap":{"0":{"name":"(anonymous_1)","decl":{"start":{"line":5,"column":2},"end":{"line":5,"column":14}},"loc":{"start":{"line":5,"column":38},"end":{"line":5,"column":null}}},"1":{"name":"(anonymous_2)","decl":{"start":{"line":7,"column":2},"end":{"line":7,"column":11}},"loc":{"start":{"line":7,"column":40},"end":{"line":9,"column":null}}}},"branchMap":{"0":{"loc":{"start":{"line":8,"column":11},"end":{"line":8,"column":null}},"type":"cond-expr","locations":[{"start":{"line":8,"column":19},"end":{"line":8,"column":26}},{"start":{"line":8,"column":26},"end":{"line":8,"column":null}}]}},"s":{"0":8,"1":1,"2":4,"3":0},"f":{"0":4,"1":0},"b":{"0":[0,0]}}
,"/Users/henriquebragaleao/Dev/suggarcss/petlove/src/validation/validators/ValidationBuilder/index.ts": {"path":"/Users/henriquebragaleao/Dev/suggarcss/petlove/src/validation/validators/ValidationBuilder/index.ts","statementMap":{"0":{"start":{"line":17,"column":13},"end":{"line":17,"column":null}},"1":{"start":{"line":15,"column":7},"end":{"line":15,"column":null}},"2":{"start":{"line":19,"column":21},"end":{"line":19,"column":38}},"3":{"start":{"line":20,"column":21},"end":{"line":20,"column":54}},"4":{"start":{"line":24,"column":4},"end":{"line":24,"column":null}},"5":{"start":{"line":28,"column":4},"end":{"line":28,"column":null}},"6":{"start":{"line":29,"column":4},"end":{"line":29,"column":null}},"7":{"start":{"line":33,"column":4},"end":{"line":33,"column":null}},"8":{"start":{"line":34,"column":4},"end":{"line":34,"column":null}},"9":{"start":{"line":38,"column":4},"end":{"line":39,"column":null}},"10":{"start":{"line":41,"column":4},"end":{"line":41,"column":null}},"11":{"start":{"line":45,"column":4},"end":{"line":46,"column":null}},"12":{"start":{"line":48,"column":4},"end":{"line":48,"column":null}},"13":{"start":{"line":52,"column":4},"end":{"line":53,"column":null}},"14":{"start":{"line":55,"column":4},"end":{"line":55,"column":null}},"15":{"start":{"line":59,"column":4},"end":{"line":59,"column":null}},"16":{"start":{"line":60,"column":4},"end":{"line":60,"column":null}},"17":{"start":{"line":64,"column":4},"end":{"line":64,"column":null}},"18":{"start":{"line":65,"column":4},"end":{"line":65,"column":null}},"19":{"start":{"line":69,"column":4},"end":{"line":69,"column":null}},"20":{"start":{"line":70,"column":4},"end":{"line":70,"column":null}},"21":{"start":{"line":74,"column":4},"end":{"line":75,"column":null}},"22":{"start":{"line":77,"column":4},"end":{"line":77,"column":null}},"23":{"start":{"line":81,"column":4},"end":{"line":82,"column":null}},"24":{"start":{"line":84,"column":4},"end":{"line":84,"column":null}},"25":{"start":{"line":88,"column":4},"end":{"line":89,"column":null}},"26":{"start":{"line":91,"column":4},"end":{"line":91,"column":null}},"27":{"start":{"line":95,"column":4},"end":{"line":95,"column":null}}},"fnMap":{"0":{"name":"(anonymous_1)","decl":{"start":{"line":18,"column":2},"end":{"line":18,"column":null}},"loc":{"start":{"line":21,"column":4},"end":{"line":21,"column":null}}},"1":{"name":"(anonymous_2)","decl":{"start":{"line":23,"column":2},"end":{"line":23,"column":9}},"loc":{"start":{"line":23,"column":53},"end":{"line":25,"column":null}}},"2":{"name":"(anonymous_3)","decl":{"start":{"line":27,"column":2},"end":{"line":27,"column":32}},"loc":{"start":{"line":27,"column":32},"end":{"line":30,"column":null}}},"3":{"name":"(anonymous_4)","decl":{"start":{"line":32,"column":2},"end":{"line":32,"column":8}},"loc":{"start":{"line":32,"column":50},"end":{"line":35,"column":null}}},"4":{"name":"(anonymous_5)","decl":{"start":{"line":37,"column":2},"end":{"line":37,"column":6}},"loc":{"start":{"line":37,"column":73},"end":{"line":42,"column":null}}},"5":{"name":"(anonymous_6)","decl":{"start":{"line":44,"column":2},"end":{"line":44,"column":11}},"loc":{"start":{"line":44,"column":78},"end":{"line":49,"column":null}}},"6":{"name":"(anonymous_7)","decl":{"start":{"line":51,"column":2},"end":{"line":51,"column":6}},"loc":{"start":{"line":51,"column":73},"end":{"line":56,"column":null}}},"7":{"name":"(anonymous_8)","decl":{"start":{"line":58,"column":2},"end":{"line":58,"column":6}},"loc":{"start":{"line":58,"column":48},"end":{"line":61,"column":null}}},"8":{"name":"(anonymous_9)","decl":{"start":{"line":63,"column":2},"end":{"line":63,"column":7}},"loc":{"start":{"line":63,"column":49},"end":{"line":66,"column":null}}},"9":{"name":"(anonymous_10)","decl":{"start":{"line":68,"column":2},"end":{"line":68,"column":6}},"loc":{"start":{"line":68,"column":48},"end":{"line":71,"column":null}}},"10":{"name":"(anonymous_11)","decl":{"start":{"line":73,"column":2},"end":{"line":73,"column":12}},"loc":{"start":{"line":73,"column":54},"end":{"line":78,"column":null}}},"11":{"name":"(anonymous_12)","decl":{"start":{"line":80,"column":2},"end":{"line":80,"column":12}},"loc":{"start":{"line":80,"column":54},"end":{"line":85,"column":null}}},"12":{"name":"(anonymous_13)","decl":{"start":{"line":87,"column":2},"end":{"line":87,"column":11}},"loc":{"start":{"line":87,"column":78},"end":{"line":92,"column":null}}},"13":{"name":"(anonymous_14)","decl":{"start":{"line":94,"column":2},"end":{"line":94,"column":29}},"loc":{"start":{"line":94,"column":29},"end":{"line":96,"column":null}}}},"branchMap":{"0":{"loc":{"start":{"line":20,"column":4},"end":{"line":20,"column":56}},"type":"default-arg","locations":[{"start":{"line":20,"column":54},"end":{"line":20,"column":56}}]}},"s":{"0":27,"1":1,"2":26,"3":26,"4":26,"5":4,"6":4,"7":5,"8":5,"9":4,"10":4,"11":3,"12":3,"13":3,"14":3,"15":3,"16":3,"17":3,"18":3,"19":3,"20":3,"21":3,"22":3,"23":3,"24":3,"25":3,"26":3,"27":3},"f":{"0":26,"1":26,"2":4,"3":5,"4":4,"5":3,"6":3,"7":3,"8":3,"9":3,"10":3,"11":3,"12":3,"13":3},"b":{"0":[26]}}
,"/Users/henriquebragaleao/Dev/suggarcss/petlove/src/validation/validators/ValidationComposite/index.ts": {"path":"/Users/henriquebragaleao/Dev/suggarcss/petlove/src/validation/validators/ValidationComposite/index.ts","statementMap":{"0":{"start":{"line":3,"column":13},"end":{"line":3,"column":null}},"1":{"start":{"line":4,"column":31},"end":{"line":4,"column":60}},"2":{"start":{"line":7,"column":4},"end":{"line":7,"column":null}},"3":{"start":{"line":11,"column":4},"end":{"line":16,"column":null}},"4":{"start":{"line":12,"column":6},"end":{"line":15,"column":null}},"5":{"start":{"line":13,"column":22},"end":{"line":13,"column":null}},"6":{"start":{"line":14,"column":8},"end":{"line":14,"column":null}},"7":{"start":{"line":14,"column":19},"end":{"line":14,"column":null}},"8":{"start":{"line":17,"column":4},"end":{"line":17,"column":null}}},"fnMap":{"0":{"name":"(anonymous_1)","decl":{"start":{"line":4,"column":2},"end":{"line":4,"column":14}},"loc":{"start":{"line":4,"column":62},"end":{"line":4,"column":null}}},"1":{"name":"(anonymous_2)","decl":{"start":{"line":6,"column":2},"end":{"line":6,"column":9}},"loc":{"start":{"line":6,"column":67},"end":{"line":8,"column":null}}},"2":{"name":"(anonymous_3)","decl":{"start":{"line":10,"column":2},"end":{"line":10,"column":11}},"loc":{"start":{"line":10,"column":58},"end":{"line":18,"column":null}}}},"branchMap":{"0":{"loc":{"start":{"line":12,"column":6},"end":{"line":15,"column":null}},"type":"if","locations":[{"start":{"line":12,"column":6},"end":{"line":15,"column":null}}]},"1":{"loc":{"start":{"line":14,"column":8},"end":{"line":14,"column":null}},"type":"if","locations":[{"start":{"line":14,"column":8},"end":{"line":14,"column":null}}]}},"s":{"0":0,"1":0,"2":0,"3":0,"4":0,"5":0,"6":0,"7":0,"8":0},"f":{"0":0,"1":0,"2":0},"b":{"0":[0],"1":[0]}}
}
