TN:
SF:src/validation/errors/index.ts
FNF:0
FNH:0
DA:1,1
DA:2,1
LF:2
LH:2
BRF:0
BRH:0
end_of_record
TN:
SF:src/validation/errors/CustomError/index.ts
FN:2,(anonymous_1)
FNF:1
FNH:0
FNDA:0,(anonymous_1)
DA:1,0
DA:3,0
DA:4,0
LF:3
LH:0
BRDA:3,0,0,0
BRDA:3,0,1,0
BRF:2
BRH:0
end_of_record
TN:
SF:src/validation/errors/RequiredError/index.ts
FN:2,(anonymous_1)
FNF:1
FNH:0
FNDA:0,(anonymous_1)
DA:1,0
DA:3,0
DA:4,0
LF:3
LH:0
BRF:0
BRH:0
end_of_record
TN:
SF:src/validation/helpers/index.ts
FNF:0
FNH:0
DA:1,1
DA:2,1
DA:3,1
DA:4,1
LF:4
LH:4
BRF:0
BRH:0
end_of_record
TN:
SF:src/validation/helpers/extractCheckDigits/index.ts
FN:1,extractCheckDigits
FNF:1
FNH:0
FNDA:0,extractCheckDigits
DA:1,0
DA:2,0
LF:2
LH:0
BRF:0
BRH:0
end_of_record
TN:
SF:src/validation/helpers/isRepeatedNumbers/index.ts
FN:3,isRepeatedNumbers
FNF:1
FNH:0
FNDA:0,isRepeatedNumbers
DA:1,1
DA:3,0
DA:7,0
DA:8,0
DA:9,0
DA:10,0
DA:12,0
DA:13,0
DA:14,0
DA:15,0
DA:19,0
LF:11
LH:1
BRDA:14,0,0,0
BRF:1
BRH:0
end_of_record
TN:
SF:src/validation/helpers/isValidLength/index.ts
FN:1,isValidLength
FNF:1
FNH:0
FNDA:0,isValidLength
DA:1,0
DA:2,0
LF:2
LH:0
BRF:0
BRH:0
end_of_record
TN:
SF:src/validation/helpers/removeSpecialCharacters/index.ts
FN:2,removeSpecialCharacters
FNF:1
FNH:0
FNDA:0,removeSpecialCharacters
DA:2,0
DA:3,0
DA:4,0
LF:3
LH:0
BRDA:2,0,0,0
BRDA:3,1,0,0
BRF:2
BRH:0
end_of_record
TN:
SF:src/validation/validators/index.ts
FNF:0
FNH:0
DA:1,6
DA:2,6
DA:3,6
DA:4,6
DA:5,6
DA:6,10
DA:7,6
DA:8,8
DA:9,6
DA:10,6
DA:11,8
DA:12,1
DA:13,1
LF:13
LH:13
BRF:0
BRH:0
end_of_record
TN:
SF:src/validation/validators/BirthDate/index.ts
FN:6,(anonymous_1)
FN:11,(anonymous_2)
FNF:2
FNH:1
FNDA:3,(anonymous_1)
FNDA:0,(anonymous_2)
DA:1,1
DA:2,1
DA:5,6
DA:7,3
DA:8,3
DA:12,0
DA:13,0
DA:14,0
DA:15,0
DA:17,0
DA:18,0
DA:19,0
DA:21,0
DA:22,0
DA:24,0
DA:25,0
DA:26,0
DA:28,0
DA:30,0
LF:19
LH:5
BRDA:12,0,0,0
BRDA:14,1,0,0
BRDA:21,2,0,0
BRDA:25,3,0,0
BRDA:25,4,0,0
BRDA:25,4,1,0
BRF:6
BRH:0
end_of_record
TN:
SF:src/validation/validators/CEP/index.ts
FN:5,(anonymous_1)
FN:10,(anonymous_2)
FNF:2
FNH:1
FNDA:3,(anonymous_1)
FNDA:0,(anonymous_2)
DA:1,1
DA:4,6
DA:6,3
DA:7,3
DA:11,0
DA:12,0
DA:14,0
DA:15,0
DA:16,0
LF:9
LH:4
BRDA:11,0,0,0
BRDA:16,1,0,0
BRDA:16,1,1,0
BRF:3
BRH:0
end_of_record
TN:
SF:src/validation/validators/CNPJ/index.ts
FN:16,(anonymous_1)
FN:21,(anonymous_2)
FN:23,(anonymous_3)
FN:32,(anonymous_4)
FN:50,(anonymous_5)
FNF:5
FNH:1
FNDA:3,(anonymous_1)
FNDA:0,(anonymous_2)
FNDA:0,(anonymous_3)
FNDA:0,(anonymous_4)
FNDA:0,(anonymous_5)
DA:1,1
DA:7,1
DA:11,6
DA:12,3
DA:13,3
DA:14,3
DA:17,3
DA:18,3
DA:22,0
DA:23,0
DA:24,0
DA:25,0
DA:28,0
DA:29,0
DA:33,0
DA:34,0
DA:37,0
DA:41,0
DA:45,0
DA:47,0
DA:51,0
DA:52,0
DA:54,0
LF:23
LH:8
BRDA:29,0,0,0
BRDA:29,0,1,0
BRDA:33,1,0,0
BRDA:33,2,0,0
BRDA:33,2,1,0
BRDA:33,2,2,0
BRDA:54,3,0,0
BRDA:54,3,1,0
BRF:8
BRH:0
end_of_record
TN:
SF:src/validation/validators/CPF/index.ts
FN:14,(anonymous_1)
FN:19,(anonymous_2)
FN:30,(anonymous_3)
FN:48,(anonymous_4)
FNF:4
FNH:1
FNDA:3,(anonymous_1)
FNDA:0,(anonymous_2)
FNDA:0,(anonymous_3)
FNDA:0,(anonymous_4)
DA:2,1
DA:8,1
DA:10,6
DA:11,3
DA:12,3
DA:15,3
DA:16,3
DA:20,0
DA:22,0
DA:23,0
DA:26,0
DA:27,0
DA:31,0
DA:32,0
DA:35,0
DA:39,0
DA:43,0
DA:45,0
DA:49,0
DA:50,0
LF:20
LH:7
BRDA:23,0,0,0
BRDA:27,1,0,0
BRDA:27,1,1,0
BRDA:31,2,0,0
BRDA:31,3,0,0
BRDA:31,3,1,0
BRDA:31,3,2,0
BRDA:50,4,0,0
BRDA:50,4,1,0
BRF:9
BRH:0
end_of_record
TN:
SF:src/validation/validators/CpfOrCnpjValidation/index.ts
FN:7,(anonymous_1)
FN:12,(anonymous_2)
FNF:2
FNH:1
FNDA:3,(anonymous_1)
FNDA:0,(anonymous_2)
DA:1,1
DA:3,1
DA:4,1
DA:6,6
DA:8,3
DA:9,3
DA:13,0
DA:14,0
DA:18,0
DA:23,0
DA:25,0
DA:27,0
LF:12
LH:6
BRDA:23,0,0,0
BRDA:25,1,0,0
BRF:2
BRH:0
end_of_record
TN:
SF:src/validation/validators/Email/index.ts
FN:5,(anonymous_1)
FN:10,(anonymous_2)
FNF:2
FNH:1
FNDA:5,(anonymous_1)
FNDA:0,(anonymous_2)
DA:1,1
DA:4,10
DA:6,5
DA:7,5
DA:11,0
DA:14,0
DA:16,0
LF:7
LH:4
BRDA:11,0,0,0
BRDA:16,1,0,0
BRDA:16,1,1,0
BRF:3
BRH:0
end_of_record
TN:
SF:src/validation/validators/MaxLength/index.ts
FN:5,(anonymous_1)
FN:11,(anonymous_2)
FNF:2
FNH:1
FNDA:3,(anonymous_1)
FNDA:0,(anonymous_2)
DA:1,1
DA:4,6
DA:6,3
DA:7,3
DA:8,3
DA:12,0
DA:13,0
DA:15,0
LF:8
LH:5
BRDA:7,0,0,2
BRDA:12,1,0,0
BRDA:12,2,0,0
BRDA:12,2,1,0
BRF:4
BRH:1
end_of_record
TN:
SF:src/validation/validators/MinLength/index.ts
FN:5,(anonymous_1)
FN:11,(anonymous_2)
FNF:2
FNH:1
FNDA:4,(anonymous_1)
FNDA:0,(anonymous_2)
DA:1,1
DA:4,8
DA:6,4
DA:7,4
DA:8,4
DA:12,0
DA:13,0
DA:15,0
LF:8
LH:5
BRDA:7,0,0,3
BRDA:12,1,0,0
BRDA:12,2,0,0
BRDA:12,2,1,0
BRF:4
BRH:1
end_of_record
TN:
SF:src/validation/validators/MinValue/index.ts
FN:5,(anonymous_1)
FN:11,(anonymous_2)
FNF:2
FNH:1
FNDA:3,(anonymous_1)
FNDA:0,(anonymous_2)
DA:1,1
DA:4,6
DA:6,3
DA:7,3
DA:8,3
DA:12,0
DA:14,0
DA:15,0
DA:16,0
DA:18,0
LF:10
LH:5
BRDA:7,0,0,2
BRDA:14,1,0,0
BRDA:15,2,0,0
BRDA:16,3,0,0
BRF:4
BRH:1
end_of_record
TN:
SF:src/validation/validators/MinWords/index.ts
FN:5,(anonymous_1)
FN:11,(anonymous_2)
FNF:2
FNH:1
FNDA:3,(anonymous_1)
FNDA:0,(anonymous_2)
DA:1,1
DA:4,6
DA:6,3
DA:7,3
DA:8,3
DA:12,0
DA:14,0
DA:15,0
DA:17,0
LF:9
LH:5
BRDA:7,0,0,2
BRDA:8,1,0,0
BRDA:14,2,0,0
BRF:3
BRH:1
end_of_record
TN:
SF:src/validation/validators/RequiredField/index.ts
FN:5,(anonymous_1)
FN:7,(anonymous_2)
FNF:2
FNH:1
FNDA:4,(anonymous_1)
FNDA:0,(anonymous_2)
DA:1,1
DA:4,8
DA:5,4
DA:8,0
LF:4
LH:3
BRDA:8,0,0,0
BRDA:8,0,1,0
BRF:2
BRH:0
end_of_record
TN:
SF:src/validation/validators/ValidationBuilder/index.ts
FN:18,(anonymous_1)
FN:23,(anonymous_2)
FN:27,(anonymous_3)
FN:32,(anonymous_4)
FN:37,(anonymous_5)
FN:44,(anonymous_6)
FN:51,(anonymous_7)
FN:58,(anonymous_8)
FN:63,(anonymous_9)
FN:68,(anonymous_10)
FN:73,(anonymous_11)
FN:80,(anonymous_12)
FN:87,(anonymous_13)
FN:94,(anonymous_14)
FNF:14
FNH:14
FNDA:26,(anonymous_1)
FNDA:26,(anonymous_2)
FNDA:4,(anonymous_3)
FNDA:5,(anonymous_4)
FNDA:4,(anonymous_5)
FNDA:3,(anonymous_6)
FNDA:3,(anonymous_7)
FNDA:3,(anonymous_8)
FNDA:3,(anonymous_9)
FNDA:3,(anonymous_10)
FNDA:3,(anonymous_11)
FNDA:3,(anonymous_12)
FNDA:3,(anonymous_13)
FNDA:3,(anonymous_14)
DA:15,1
DA:17,27
DA:19,26
DA:20,26
DA:24,26
DA:28,4
DA:29,4
DA:33,5
DA:34,5
DA:38,4
DA:41,4
DA:45,3
DA:48,3
DA:52,3
DA:55,3
DA:59,3
DA:60,3
DA:64,3
DA:65,3
DA:69,3
DA:70,3
DA:74,3
DA:77,3
DA:81,3
DA:84,3
DA:88,3
DA:91,3
DA:95,3
LF:28
LH:28
BRDA:20,0,0,26
BRF:1
BRH:1
end_of_record
TN:
SF:src/validation/validators/ValidationComposite/index.ts
FN:4,(anonymous_1)
FN:6,(anonymous_2)
FN:10,(anonymous_3)
FNF:3
FNH:0
FNDA:0,(anonymous_1)
FNDA:0,(anonymous_2)
FNDA:0,(anonymous_3)
DA:3,0
DA:4,0
DA:7,0
DA:11,0
DA:12,0
DA:13,0
DA:14,0
DA:17,0
LF:8
LH:0
BRDA:12,0,0,0
BRDA:14,1,0,0
BRF:2
BRH:0
end_of_record
